<?xml version="1.0" encoding="UTF-8"?>
<!-- Generated by org.testng.reporters.JUnitXMLReporter -->
<testsuite ignored="1" hostname="AAPC-8N072F3" failures="0" tests="4" name="Default test" time="3.578" errors="0" timestamp="2024-09-30T18:56:22 IST">
  <testcase classname="testcases.Get_TestCases" name="testGetRequest_Excel" time="1.421"/>
  <testcase classname="testcases.Get_TestCases" name="testGetRequest_Excel" time="0.356"/>
  <testcase classname="testcases.Get_TestCases" name="testGetRequest_Excel" time="0.905"/>
  <testcase classname="testcases.Get_TestCases" name="testGetRequest_Excel" time="0.337"/>
  <testcase classname="testcases.Get_TestCases" name="testGetRequest_Direct" time="0.0">
    <ignored/>
  </testcase> <!-- testGetRequest_Direct -->
</testsuite> <!-- Default test -->
