<?xml version="1.0" encoding="UTF-8"?>
<!-- Generated by org.testng.reporters.JUnitXMLReporter -->
<testsuite ignored="0" hostname="AAPC-8N072F3" failures="0" tests="6" name="Test" time="5.059" errors="0" timestamp="2024-09-30T18:17:13 IST">
  <testcase classname="testcases.Get_TestCases" name="testGetRequest_Direct" time="2.007"/>
  <testcase classname="testcases.Get_TestCases" name="testGetRequest_Excel" time="0.468"/>
  <testcase classname="testcases.Get_TestCases" name="testGetRequest_Excel" time="0.354"/>
  <testcase classname="testcases.Get_TestCases" name="testGetRequest_Excel" time="0.357"/>
  <testcase classname="testcases.Get_TestCases" name="testGetRequest_Excel" time="0.412"/>
  <testcase classname="testcases.Post_TestCases" name="testPostRequest_Direct" time="0.662"/>
</testsuite> <!-- Test -->
