<?xml version="1.0" encoding="UTF-8"?>
<testng-results ignored="1" total="5" passed="4" failed="0" skipped="0">
  <reporter-output>
  </reporter-output>
  <suite started-at="2024-09-30T18:56:19 IST" name="Default suite" finished-at="2024-09-30T18:56:22 IST" duration-ms="3578">
    <groups>
    </groups>
    <test started-at="2024-09-30T18:56:19 IST" name="Default test" finished-at="2024-09-30T18:56:22 IST" duration-ms="3578">
      <class name="testcases.Get_TestCases">
        <test-method signature="testGetRequest_Excel(java.lang.String,java.lang.String)[pri:2, instance:testcases.Get_TestCases@1e04fa0a]" started-at="2024-09-30T18:56:19 IST" name="testGetRequest_Excel" data-provider="testGetRequest_TestData" finished-at="2024-09-30T18:56:21 IST" duration-ms="1421" status="PASS">
          <params>
            <param index="0">
              <value>
                <![CDATA[us]]>
              </value>
            </param>
            <param index="1">
              <value>
                <![CDATA[91911]]>
              </value>
            </param>
          </params>
          <reporter-output>
          </reporter-output>
        </test-method> <!-- testGetRequest_Excel -->
        <test-method signature="testGetRequest_Excel(java.lang.String,java.lang.String)[pri:2, instance:testcases.Get_TestCases@1e04fa0a]" started-at="2024-09-30T18:56:21 IST" name="testGetRequest_Excel" data-provider="testGetRequest_TestData" finished-at="2024-09-30T18:56:21 IST" duration-ms="356" status="PASS">
          <params>
            <param index="0">
              <value>
                <![CDATA[in]]>
              </value>
            </param>
            <param index="1">
              <value>
                <![CDATA[670307]]>
              </value>
            </param>
          </params>
          <reporter-output>
          </reporter-output>
        </test-method> <!-- testGetRequest_Excel -->
        <test-method signature="testGetRequest_Excel(java.lang.String,java.lang.String)[pri:2, instance:testcases.Get_TestCases@1e04fa0a]" started-at="2024-09-30T18:56:21 IST" name="testGetRequest_Excel" data-provider="testGetRequest_TestData" finished-at="2024-09-30T18:56:22 IST" duration-ms="905" status="PASS">
          <params>
            <param index="0">
              <value>
                <![CDATA[in]]>
              </value>
            </param>
            <param index="1">
              <value>
                <![CDATA[695581]]>
              </value>
            </param>
          </params>
          <reporter-output>
          </reporter-output>
        </test-method> <!-- testGetRequest_Excel -->
        <test-method signature="testGetRequest_Excel(java.lang.String,java.lang.String)[pri:2, instance:testcases.Get_TestCases@1e04fa0a]" started-at="2024-09-30T18:56:22 IST" name="testGetRequest_Excel" data-provider="testGetRequest_TestData" finished-at="2024-09-30T18:56:22 IST" duration-ms="337" status="PASS">
          <params>
            <param index="0">
              <value>
                <![CDATA[us]]>
              </value>
            </param>
            <param index="1">
              <value>
                <![CDATA[91364]]>
              </value>
            </param>
          </params>
          <reporter-output>
          </reporter-output>
        </test-method> <!-- testGetRequest_Excel -->
      </class> <!-- testcases.Get_TestCases -->
    </test> <!-- Default test -->
  </suite> <!-- Default suite -->
</testng-results>
